<?xml version="1.0" encoding="UTF-8"?>
<testng-results skipped="0" failed="1" total="2" passed="1">
  <reporter-output>
  </reporter-output>
  <suite name="Suite" duration-ms="63761" started-at="2018-03-21T03:25:29Z" finished-at="2018-03-21T03:26:32Z">
    <groups>
      <group name="cucumber">
        <method signature="AbstractTestNGCucumberTests.feature(cucumber.api.testng.CucumberFeatureWrapper)[pri:0, instance:com.jaga.cucumber.framework.runner.AccountCreationPageRunner@bbfa04]" name="feature" class="cucumber.api.testng.AbstractTestNGCucumberTests"/>
        <method signature="AbstractTestNGCucumberTests.feature(cucumber.api.testng.CucumberFeatureWrapper)[pri:0, instance:com.jaga.cucumber.framework.runner.SignInPageRunner@1fffcd7]" name="feature" class="cucumber.api.testng.AbstractTestNGCucumberTests"/>
      </group> <!-- cucumber -->
    </groups>
    <test name="AccountCreationAndSignIn" duration-ms="63761" started-at="2018-03-21T03:25:29Z" finished-at="2018-03-21T03:26:32Z">
      <class name="com.jaga.cucumber.framework.runner.AccountCreationPageRunner">
        <test-method status="PASS" signature="setUpClass()[pri:0, instance:com.jaga.cucumber.framework.runner.AccountCreationPageRunner@bbfa04]" name="setUpClass" is-config="true" duration-ms="609" started-at="2018-03-21T08:55:29Z" finished-at="2018-03-21T08:55:29Z">
          <reporter-output>
          </reporter-output>
        </test-method> <!-- setUpClass -->
        <test-method status="FAIL" signature="feature(cucumber.api.testng.CucumberFeatureWrapper)[pri:0, instance:com.jaga.cucumber.framework.runner.AccountCreationPageRunner@bbfa04]" name="feature" duration-ms="35738" started-at="2018-03-21T08:55:30Z" description="Runs Cucumber Feature" data-provider="features" finished-at="2018-03-21T08:56:05Z">
          <params>
            <param index="0">
              <value>
                <![CDATA[Create Account and Register into the GCR application]]>
              </value>
            </param>
          </params>
          <exception class="cucumber.runtime.CucumberException">
            <message>
              <![CDATA[java.lang.AssertionError: expected [My Account Information] but found [Your Account Has Been Created!]]]>
            </message>
            <full-stacktrace>
              <![CDATA[cucumber.runtime.CucumberException: java.lang.AssertionError: expected [My Account Information] but found [Your Account Has Been Created!]
	at cucumber.api.testng.TestNGCucumberRunner.runCucumber(TestNGCucumberRunner.java:69)
	at cucumber.api.testng.AbstractTestNGCucumberTests.feature(AbstractTestNGCucumberTests.java:21)
	at sun.reflect.NativeMethodAccessorImpl.invoke0(Native Method)
	at sun.reflect.NativeMethodAccessorImpl.invoke(Unknown Source)
	at sun.reflect.DelegatingMethodAccessorImpl.invoke(Unknown Source)
	at java.lang.reflect.Method.invoke(Unknown Source)
	at org.testng.internal.MethodInvocationHelper.invokeMethod(MethodInvocationHelper.java:86)
	at org.testng.internal.Invoker.invokeMethod(Invoker.java:643)
	at org.testng.internal.Invoker.invokeTestMethod(Invoker.java:820)
	at org.testng.internal.Invoker.invokeTestMethods(Invoker.java:1128)
	at org.testng.internal.TestMethodWorker.invokeTestMethods(TestMethodWorker.java:129)
	at org.testng.internal.TestMethodWorker.run(TestMethodWorker.java:112)
	at org.testng.TestRunner.privateRun(TestRunner.java:782)
	at org.testng.TestRunner.run(TestRunner.java:632)
	at org.testng.SuiteRunner.runTest(SuiteRunner.java:366)
	at org.testng.SuiteRunner.runSequentially(SuiteRunner.java:361)
	at org.testng.SuiteRunner.privateRun(SuiteRunner.java:319)
	at org.testng.SuiteRunner.run(SuiteRunner.java:268)
	at org.testng.SuiteRunnerWorker.runSuite(SuiteRunnerWorker.java:52)
	at org.testng.SuiteRunnerWorker.run(SuiteRunnerWorker.java:86)
	at org.testng.TestNG.runSuitesSequentially(TestNG.java:1244)
	at org.testng.TestNG.runSuitesLocally(TestNG.java:1169)
	at org.testng.TestNG.run(TestNG.java:1064)
	at org.testng.remote.AbstractRemoteTestNG.run(AbstractRemoteTestNG.java:114)
	at org.testng.remote.RemoteTestNG.initAndRun(RemoteTestNG.java:251)
	at org.testng.remote.RemoteTestNG.main(RemoteTestNG.java:77)
Caused by: java.lang.AssertionError: expected [My Account Information] but found [Your Account Has Been Created!]
	at org.testng.Assert.fail(Assert.java:94)
	at org.testng.Assert.failNotEquals(Assert.java:513)
	at org.testng.Assert.assertEqualsImpl(Assert.java:135)
	at org.testng.Assert.assertEquals(Assert.java:116)
	at org.testng.Assert.assertEquals(Assert.java:190)
	at org.testng.Assert.assertEquals(Assert.java:200)
	at com.jaga.cucumber.framework.pagelibrary.AccountRegistrationPage.verifySuccessAccountCreationMessage(AccountRegistrationPage.java:173)
	at com.jaga.cucumber.framework.stepdefinition.AccountCreation.AccountCreationPageDefinition.account_Creation_is_Successful(AccountCreationPageDefinition.java:112)
	at âœ½.Then Account Creation is Successful(featurefile/gcrApplication/AccountRegistrationPage.feature:30)
]]>
            </full-stacktrace>
          </exception> <!-- cucumber.runtime.CucumberException -->
          <reporter-output>
          </reporter-output>
        </test-method> <!-- feature -->
        <test-method status="PASS" signature="tearDownClass()[pri:0, instance:com.jaga.cucumber.framework.runner.AccountCreationPageRunner@bbfa04]" name="tearDownClass" is-config="true" duration-ms="147" started-at="2018-03-21T08:56:05Z" finished-at="2018-03-21T08:56:05Z">
          <reporter-output>
          </reporter-output>
        </test-method> <!-- tearDownClass -->
      </class> <!-- com.jaga.cucumber.framework.runner.AccountCreationPageRunner -->
      <class name="com.jaga.cucumber.framework.runner.SignInPageRunner">
        <test-method status="PASS" signature="setUpClass()[pri:0, instance:com.jaga.cucumber.framework.runner.SignInPageRunner@1fffcd7]" name="setUpClass" is-config="true" duration-ms="16" started-at="2018-03-21T08:56:05Z" finished-at="2018-03-21T08:56:05Z">
          <reporter-output>
          </reporter-output>
        </test-method> <!-- setUpClass -->
        <test-method status="PASS" signature="feature(cucumber.api.testng.CucumberFeatureWrapper)[pri:0, instance:com.jaga.cucumber.framework.runner.SignInPageRunner@1fffcd7]" name="feature" duration-ms="26780" started-at="2018-03-21T08:56:05Z" description="Runs Cucumber Feature" data-provider="features" finished-at="2018-03-21T08:56:32Z">
          <params>
            <param index="0">
              <value>
                <![CDATA[Sign in to the GCR application]]>
              </value>
            </param>
          </params>
          <reporter-output>
          </reporter-output>
        </test-method> <!-- feature -->
        <test-method status="PASS" signature="tearDownClass()[pri:0, instance:com.jaga.cucumber.framework.runner.SignInPageRunner@1fffcd7]" name="tearDownClass" is-config="true" duration-ms="205" started-at="2018-03-21T08:56:32Z" finished-at="2018-03-21T08:56:32Z">
          <reporter-output>
          </reporter-output>
        </test-method> <!-- tearDownClass -->
      </class> <!-- com.jaga.cucumber.framework.runner.SignInPageRunner -->
    </test> <!-- AccountCreationAndSignIn -->
  </suite> <!-- Suite -->
</testng-results>
